Generated at 2016-03-21 20:18:06 -0400
Chef::Exceptions::Group: group[hadoop-group] (HADOOP::default line 15) had an error: Chef::Exceptions::Group: Cannot modify group[hadoop-group] - group does not exist!
/opt/chefdk/embedded/apps/chef/lib/chef/mixin/why_run.rb:241:in `run'
/opt/chefdk/embedded/apps/chef/lib/chef/mixin/why_run.rb:322:in `block in run'
/opt/chefdk/embedded/apps/chef/lib/chef/mixin/why_run.rb:321:in `each'
/opt/chefdk/embedded/apps/chef/lib/chef/mixin/why_run.rb:321:in `run'
/opt/chefdk/embedded/apps/chef/lib/chef/provider.rb:144:in `process_resource_requirements'
/opt/chefdk/embedded/apps/chef/lib/chef/provider.rb:120:in `run_action'
/opt/chefdk/embedded/apps/chef/lib/chef/resource.rb:562:in `run_action'
/opt/chefdk/embedded/apps/chef/lib/chef/runner.rb:49:in `run_action'
/opt/chefdk/embedded/apps/chef/lib/chef/runner.rb:81:in `block (2 levels) in converge'
/opt/chefdk/embedded/apps/chef/lib/chef/runner.rb:81:in `each'
/opt/chefdk/embedded/apps/chef/lib/chef/runner.rb:81:in `block in converge'
/opt/chefdk/embedded/apps/chef/lib/chef/resource_collection/resource_list.rb:83:in `block in execute_each_resource'
/opt/chefdk/embedded/apps/chef/lib/chef/resource_collection/stepable_iterator.rb:116:in `call'
/opt/chefdk/embedded/apps/chef/lib/chef/resource_collection/stepable_iterator.rb:116:in `call_iterator_block'
/opt/chefdk/embedded/apps/chef/lib/chef/resource_collection/stepable_iterator.rb:85:in `step'
/opt/chefdk/embedded/apps/chef/lib/chef/resource_collection/stepable_iterator.rb:104:in `iterate'
/opt/chefdk/embedded/apps/chef/lib/chef/resource_collection/stepable_iterator.rb:55:in `each_with_index'
/opt/chefdk/embedded/apps/chef/lib/chef/resource_collection/resource_list.rb:81:in `execute_each_resource'
/opt/chefdk/embedded/apps/chef/lib/chef/runner.rb:80:in `converge'
/opt/chefdk/embedded/apps/chef/lib/chef/client.rb:339:in `block in converge'
/opt/chefdk/embedded/apps/chef/lib/chef/client.rb:334:in `catch'
/opt/chefdk/embedded/apps/chef/lib/chef/client.rb:334:in `converge'
/opt/chefdk/embedded/apps/chef/lib/chef/client.rb:353:in `converge_and_save'
/opt/chefdk/embedded/apps/chef/lib/chef/client.rb:457:in `run'
/opt/chefdk/embedded/apps/chef/lib/chef/application.rb:271:in `block in fork_chef_client'
/opt/chefdk/embedded/apps/chef/lib/chef/application.rb:259:in `fork'
/opt/chefdk/embedded/apps/chef/lib/chef/application.rb:259:in `fork_chef_client'
/opt/chefdk/embedded/apps/chef/lib/chef/application.rb:225:in `block in run_chef_client'
/opt/chefdk/embedded/apps/chef/lib/chef/local_mode.rb:39:in `with_server_connectivity'
/opt/chefdk/embedded/apps/chef/lib/chef/application.rb:213:in `run_chef_client'
/opt/chefdk/embedded/apps/chef/lib/chef/application/solo.rb:280:in `block in interval_run_chef_client'
/opt/chefdk/embedded/apps/chef/lib/chef/application/solo.rb:269:in `loop'
/opt/chefdk/embedded/apps/chef/lib/chef/application/solo.rb:269:in `interval_run_chef_client'
/opt/chefdk/embedded/apps/chef/lib/chef/application/solo.rb:247:in `run_application'
/opt/chefdk/embedded/apps/chef/lib/chef/application.rb:60:in `run'
/opt/chefdk/embedded/apps/chef/bin/chef-solo:25:in `<top (required)>'
/bin/chef-solo:51:in `load'
/bin/chef-solo:51:in `<main>'